Symlinking /home/shivam/catkin_ws/devel/lib/pkgconfig/cartographer_ros_msgs.pc
Symlinking /home/shivam/catkin_ws/devel/lib/python3/dist-packages/cartographer_ros_msgs/__init__.py
Symlinking /home/shivam/catkin_ws/devel/lib/python3/dist-packages/cartographer_ros_msgs/srv/_GetTrajectoryStates.py
Symlinking /home/shivam/catkin_ws/devel/lib/python3/dist-packages/cartographer_ros_msgs/srv/_TrajectoryQuery.py
Symlinking /home/shivam/catkin_ws/devel/lib/python3/dist-packages/cartographer_ros_msgs/srv/__init__.py
Symlinking /home/shivam/catkin_ws/devel/lib/python3/dist-packages/cartographer_ros_msgs/srv/_ReadMetrics.py
Symlinking /home/shivam/catkin_ws/devel/lib/python3/dist-packages/cartographer_ros_msgs/srv/_StartTrajectory.py
Symlinking /home/shivam/catkin_ws/devel/lib/python3/dist-packages/cartographer_ros_msgs/srv/_FinishTrajectory.py
Symlinking /home/shivam/catkin_ws/devel/lib/python3/dist-packages/cartographer_ros_msgs/srv/_SubmapQuery.py
Symlinking /home/shivam/catkin_ws/devel/lib/python3/dist-packages/cartographer_ros_msgs/srv/_WriteState.py
Symlinking /home/shivam/catkin_ws/devel/lib/python3/dist-packages/cartographer_ros_msgs/msg/_LandmarkList.py
Symlinking /home/shivam/catkin_ws/devel/lib/python3/dist-packages/cartographer_ros_msgs/msg/_MetricFamily.py
Symlinking /home/shivam/catkin_ws/devel/lib/python3/dist-packages/cartographer_ros_msgs/msg/_MetricLabel.py
Symlinking /home/shivam/catkin_ws/devel/lib/python3/dist-packages/cartographer_ros_msgs/msg/_SubmapEntry.py
Symlinking /home/shivam/catkin_ws/devel/lib/python3/dist-packages/cartographer_ros_msgs/msg/__init__.py
Symlinking /home/shivam/catkin_ws/devel/lib/python3/dist-packages/cartographer_ros_msgs/msg/_SubmapList.py
Symlinking /home/shivam/catkin_ws/devel/lib/python3/dist-packages/cartographer_ros_msgs/msg/_SubmapTexture.py
Symlinking /home/shivam/catkin_ws/devel/lib/python3/dist-packages/cartographer_ros_msgs/msg/_StatusCode.py
Symlinking /home/shivam/catkin_ws/devel/lib/python3/dist-packages/cartographer_ros_msgs/msg/_StatusResponse.py
Symlinking /home/shivam/catkin_ws/devel/lib/python3/dist-packages/cartographer_ros_msgs/msg/_TrajectoryStates.py
Symlinking /home/shivam/catkin_ws/devel/lib/python3/dist-packages/cartographer_ros_msgs/msg/_BagfileProgress.py
Symlinking /home/shivam/catkin_ws/devel/lib/python3/dist-packages/cartographer_ros_msgs/msg/_LandmarkEntry.py
Symlinking /home/shivam/catkin_ws/devel/lib/python3/dist-packages/cartographer_ros_msgs/msg/_HistogramBucket.py
Symlinking /home/shivam/catkin_ws/devel/lib/python3/dist-packages/cartographer_ros_msgs/msg/_Metric.py
Symlinking /home/shivam/catkin_ws/devel/share/common-lisp/ros/cartographer_ros_msgs/srv/SubmapQuery.lisp
Symlinking /home/shivam/catkin_ws/devel/share/common-lisp/ros/cartographer_ros_msgs/srv/FinishTrajectory.lisp
Symlinking /home/shivam/catkin_ws/devel/share/common-lisp/ros/cartographer_ros_msgs/srv/TrajectoryQuery.lisp
Symlinking /home/shivam/catkin_ws/devel/share/common-lisp/ros/cartographer_ros_msgs/srv/_package_GetTrajectoryStates.lisp
Symlinking /home/shivam/catkin_ws/devel/share/common-lisp/ros/cartographer_ros_msgs/srv/GetTrajectoryStates.lisp
Symlinking /home/shivam/catkin_ws/devel/share/common-lisp/ros/cartographer_ros_msgs/srv/_package.lisp
Symlinking /home/shivam/catkin_ws/devel/share/common-lisp/ros/cartographer_ros_msgs/srv/_package_SubmapQuery.lisp
Symlinking /home/shivam/catkin_ws/devel/share/common-lisp/ros/cartographer_ros_msgs/srv/_package_TrajectoryQuery.lisp
Symlinking /home/shivam/catkin_ws/devel/share/common-lisp/ros/cartographer_ros_msgs/srv/WriteState.lisp
Symlinking /home/shivam/catkin_ws/devel/share/common-lisp/ros/cartographer_ros_msgs/srv/StartTrajectory.lisp
Symlinking /home/shivam/catkin_ws/devel/share/common-lisp/ros/cartographer_ros_msgs/srv/_package_WriteState.lisp
Symlinking /home/shivam/catkin_ws/devel/share/common-lisp/ros/cartographer_ros_msgs/srv/_package_ReadMetrics.lisp
Symlinking /home/shivam/catkin_ws/devel/share/common-lisp/ros/cartographer_ros_msgs/srv/ReadMetrics.lisp
Symlinking /home/shivam/catkin_ws/devel/share/common-lisp/ros/cartographer_ros_msgs/srv/_package_StartTrajectory.lisp
Symlinking /home/shivam/catkin_ws/devel/share/common-lisp/ros/cartographer_ros_msgs/srv/cartographer_ros_msgs-srv.asd
Symlinking /home/shivam/catkin_ws/devel/share/common-lisp/ros/cartographer_ros_msgs/srv/_package_FinishTrajectory.lisp
Symlinking /home/shivam/catkin_ws/devel/share/common-lisp/ros/cartographer_ros_msgs/msg/SubmapTexture.lisp
Symlinking /home/shivam/catkin_ws/devel/share/common-lisp/ros/cartographer_ros_msgs/msg/_package_TrajectoryStates.lisp
Symlinking /home/shivam/catkin_ws/devel/share/common-lisp/ros/cartographer_ros_msgs/msg/_package_HistogramBucket.lisp
Symlinking /home/shivam/catkin_ws/devel/share/common-lisp/ros/cartographer_ros_msgs/msg/BagfileProgress.lisp
Symlinking /home/shivam/catkin_ws/devel/share/common-lisp/ros/cartographer_ros_msgs/msg/cartographer_ros_msgs-msg.asd
Symlinking /home/shivam/catkin_ws/devel/share/common-lisp/ros/cartographer_ros_msgs/msg/HistogramBucket.lisp
Symlinking /home/shivam/catkin_ws/devel/share/common-lisp/ros/cartographer_ros_msgs/msg/LandmarkList.lisp
Symlinking /home/shivam/catkin_ws/devel/share/common-lisp/ros/cartographer_ros_msgs/msg/StatusResponse.lisp
Symlinking /home/shivam/catkin_ws/devel/share/common-lisp/ros/cartographer_ros_msgs/msg/TrajectoryStates.lisp
Symlinking /home/shivam/catkin_ws/devel/share/common-lisp/ros/cartographer_ros_msgs/msg/MetricLabel.lisp
Symlinking /home/shivam/catkin_ws/devel/share/common-lisp/ros/cartographer_ros_msgs/msg/SubmapList.lisp
Symlinking /home/shivam/catkin_ws/devel/share/common-lisp/ros/cartographer_ros_msgs/msg/_package.lisp
Symlinking /home/shivam/catkin_ws/devel/share/common-lisp/ros/cartographer_ros_msgs/msg/LandmarkEntry.lisp
Symlinking /home/shivam/catkin_ws/devel/share/common-lisp/ros/cartographer_ros_msgs/msg/StatusCode.lisp
Symlinking /home/shivam/catkin_ws/devel/share/common-lisp/ros/cartographer_ros_msgs/msg/_package_SubmapEntry.lisp
Symlinking /home/shivam/catkin_ws/devel/share/common-lisp/ros/cartographer_ros_msgs/msg/Metric.lisp
Symlinking /home/shivam/catkin_ws/devel/share/common-lisp/ros/cartographer_ros_msgs/msg/_package_SubmapList.lisp
Symlinking /home/shivam/catkin_ws/devel/share/common-lisp/ros/cartographer_ros_msgs/msg/_package_MetricFamily.lisp
Symlinking /home/shivam/catkin_ws/devel/share/common-lisp/ros/cartographer_ros_msgs/msg/_package_Metric.lisp
Symlinking /home/shivam/catkin_ws/devel/share/common-lisp/ros/cartographer_ros_msgs/msg/SubmapEntry.lisp
Symlinking /home/shivam/catkin_ws/devel/share/common-lisp/ros/cartographer_ros_msgs/msg/MetricFamily.lisp
Symlinking /home/shivam/catkin_ws/devel/share/common-lisp/ros/cartographer_ros_msgs/msg/_package_StatusResponse.lisp
Symlinking /home/shivam/catkin_ws/devel/share/common-lisp/ros/cartographer_ros_msgs/msg/_package_BagfileProgress.lisp
Symlinking /home/shivam/catkin_ws/devel/share/common-lisp/ros/cartographer_ros_msgs/msg/_package_LandmarkEntry.lisp
Symlinking /home/shivam/catkin_ws/devel/share/common-lisp/ros/cartographer_ros_msgs/msg/_package_LandmarkList.lisp
Symlinking /home/shivam/catkin_ws/devel/share/common-lisp/ros/cartographer_ros_msgs/msg/_package_StatusCode.lisp
Symlinking /home/shivam/catkin_ws/devel/share/common-lisp/ros/cartographer_ros_msgs/msg/_package_SubmapTexture.lisp
Symlinking /home/shivam/catkin_ws/devel/share/common-lisp/ros/cartographer_ros_msgs/msg/_package_MetricLabel.lisp
Symlinking /home/shivam/catkin_ws/devel/share/gennodejs/ros/cartographer_ros_msgs/_index.js
Symlinking /home/shivam/catkin_ws/devel/share/gennodejs/ros/cartographer_ros_msgs/srv/SubmapQuery.js
Symlinking /home/shivam/catkin_ws/devel/share/gennodejs/ros/cartographer_ros_msgs/srv/WriteState.js
Symlinking /home/shivam/catkin_ws/devel/share/gennodejs/ros/cartographer_ros_msgs/srv/StartTrajectory.js
Symlinking /home/shivam/catkin_ws/devel/share/gennodejs/ros/cartographer_ros_msgs/srv/ReadMetrics.js
Symlinking /home/shivam/catkin_ws/devel/share/gennodejs/ros/cartographer_ros_msgs/srv/TrajectoryQuery.js
Symlinking /home/shivam/catkin_ws/devel/share/gennodejs/ros/cartographer_ros_msgs/srv/FinishTrajectory.js
Symlinking /home/shivam/catkin_ws/devel/share/gennodejs/ros/cartographer_ros_msgs/srv/GetTrajectoryStates.js
Symlinking /home/shivam/catkin_ws/devel/share/gennodejs/ros/cartographer_ros_msgs/srv/_index.js
Symlinking /home/shivam/catkin_ws/devel/share/gennodejs/ros/cartographer_ros_msgs/msg/TrajectoryStates.js
Symlinking /home/shivam/catkin_ws/devel/share/gennodejs/ros/cartographer_ros_msgs/msg/LandmarkEntry.js
Symlinking /home/shivam/catkin_ws/devel/share/gennodejs/ros/cartographer_ros_msgs/msg/Metric.js
Symlinking /home/shivam/catkin_ws/devel/share/gennodejs/ros/cartographer_ros_msgs/msg/StatusCode.js
Symlinking /home/shivam/catkin_ws/devel/share/gennodejs/ros/cartographer_ros_msgs/msg/HistogramBucket.js
Symlinking /home/shivam/catkin_ws/devel/share/gennodejs/ros/cartographer_ros_msgs/msg/SubmapTexture.js
Symlinking /home/shivam/catkin_ws/devel/share/gennodejs/ros/cartographer_ros_msgs/msg/StatusResponse.js
Symlinking /home/shivam/catkin_ws/devel/share/gennodejs/ros/cartographer_ros_msgs/msg/SubmapEntry.js
Symlinking /home/shivam/catkin_ws/devel/share/gennodejs/ros/cartographer_ros_msgs/msg/MetricFamily.js
Symlinking /home/shivam/catkin_ws/devel/share/gennodejs/ros/cartographer_ros_msgs/msg/SubmapList.js
Symlinking /home/shivam/catkin_ws/devel/share/gennodejs/ros/cartographer_ros_msgs/msg/LandmarkList.js
Symlinking /home/shivam/catkin_ws/devel/share/gennodejs/ros/cartographer_ros_msgs/msg/MetricLabel.js
Symlinking /home/shivam/catkin_ws/devel/share/gennodejs/ros/cartographer_ros_msgs/msg/BagfileProgress.js
Symlinking /home/shivam/catkin_ws/devel/share/gennodejs/ros/cartographer_ros_msgs/msg/_index.js
Symlinking /home/shivam/catkin_ws/devel/share/roseus/ros/cartographer_ros_msgs/manifest.l
Symlinking /home/shivam/catkin_ws/devel/share/roseus/ros/cartographer_ros_msgs/srv/WriteState.l
Symlinking /home/shivam/catkin_ws/devel/share/roseus/ros/cartographer_ros_msgs/srv/ReadMetrics.l
Symlinking /home/shivam/catkin_ws/devel/share/roseus/ros/cartographer_ros_msgs/srv/FinishTrajectory.l
Symlinking /home/shivam/catkin_ws/devel/share/roseus/ros/cartographer_ros_msgs/srv/SubmapQuery.l
Symlinking /home/shivam/catkin_ws/devel/share/roseus/ros/cartographer_ros_msgs/srv/StartTrajectory.l
Symlinking /home/shivam/catkin_ws/devel/share/roseus/ros/cartographer_ros_msgs/srv/GetTrajectoryStates.l
Symlinking /home/shivam/catkin_ws/devel/share/roseus/ros/cartographer_ros_msgs/srv/TrajectoryQuery.l
Symlinking /home/shivam/catkin_ws/devel/share/roseus/ros/cartographer_ros_msgs/msg/SubmapTexture.l
Symlinking /home/shivam/catkin_ws/devel/share/roseus/ros/cartographer_ros_msgs/msg/BagfileProgress.l
Symlinking /home/shivam/catkin_ws/devel/share/roseus/ros/cartographer_ros_msgs/msg/SubmapEntry.l
Symlinking /home/shivam/catkin_ws/devel/share/roseus/ros/cartographer_ros_msgs/msg/TrajectoryStates.l
Symlinking /home/shivam/catkin_ws/devel/share/roseus/ros/cartographer_ros_msgs/msg/LandmarkList.l
Symlinking /home/shivam/catkin_ws/devel/share/roseus/ros/cartographer_ros_msgs/msg/StatusResponse.l
Symlinking /home/shivam/catkin_ws/devel/share/roseus/ros/cartographer_ros_msgs/msg/HistogramBucket.l
Symlinking /home/shivam/catkin_ws/devel/share/roseus/ros/cartographer_ros_msgs/msg/StatusCode.l
Symlinking /home/shivam/catkin_ws/devel/share/roseus/ros/cartographer_ros_msgs/msg/MetricLabel.l
Symlinking /home/shivam/catkin_ws/devel/share/roseus/ros/cartographer_ros_msgs/msg/LandmarkEntry.l
Symlinking /home/shivam/catkin_ws/devel/share/roseus/ros/cartographer_ros_msgs/msg/MetricFamily.l
Symlinking /home/shivam/catkin_ws/devel/share/roseus/ros/cartographer_ros_msgs/msg/Metric.l
Symlinking /home/shivam/catkin_ws/devel/share/roseus/ros/cartographer_ros_msgs/msg/SubmapList.l
Symlinking /home/shivam/catkin_ws/devel/share/cartographer_ros_msgs/cmake/cartographer_ros_msgs-msg-paths.cmake
Symlinking /home/shivam/catkin_ws/devel/share/cartographer_ros_msgs/cmake/cartographer_ros_msgs-msg-extras.cmake
Symlinking /home/shivam/catkin_ws/devel/share/cartographer_ros_msgs/cmake/cartographer_ros_msgsConfig.cmake
Symlinking /home/shivam/catkin_ws/devel/share/cartographer_ros_msgs/cmake/cartographer_ros_msgsConfig-version.cmake
Symlinking /home/shivam/catkin_ws/devel/include/cartographer_ros_msgs/FinishTrajectoryResponse.h
Symlinking /home/shivam/catkin_ws/devel/include/cartographer_ros_msgs/StartTrajectoryRequest.h
Symlinking /home/shivam/catkin_ws/devel/include/cartographer_ros_msgs/SubmapQueryResponse.h
Symlinking /home/shivam/catkin_ws/devel/include/cartographer_ros_msgs/MetricLabel.h
Symlinking /home/shivam/catkin_ws/devel/include/cartographer_ros_msgs/StatusResponse.h
Symlinking /home/shivam/catkin_ws/devel/include/cartographer_ros_msgs/TrajectoryQuery.h
Symlinking /home/shivam/catkin_ws/devel/include/cartographer_ros_msgs/StartTrajectoryResponse.h
Symlinking /home/shivam/catkin_ws/devel/include/cartographer_ros_msgs/WriteStateResponse.h
Symlinking /home/shivam/catkin_ws/devel/include/cartographer_ros_msgs/ReadMetricsRequest.h
Symlinking /home/shivam/catkin_ws/devel/include/cartographer_ros_msgs/SubmapList.h
Symlinking /home/shivam/catkin_ws/devel/include/cartographer_ros_msgs/ReadMetricsResponse.h
Symlinking /home/shivam/catkin_ws/devel/include/cartographer_ros_msgs/FinishTrajectory.h
Symlinking /home/shivam/catkin_ws/devel/include/cartographer_ros_msgs/GetTrajectoryStatesRequest.h
Symlinking /home/shivam/catkin_ws/devel/include/cartographer_ros_msgs/StartTrajectory.h
Symlinking /home/shivam/catkin_ws/devel/include/cartographer_ros_msgs/SubmapEntry.h
Symlinking /home/shivam/catkin_ws/devel/include/cartographer_ros_msgs/WriteState.h
Symlinking /home/shivam/catkin_ws/devel/include/cartographer_ros_msgs/GetTrajectoryStatesResponse.h
Symlinking /home/shivam/catkin_ws/devel/include/cartographer_ros_msgs/BagfileProgress.h
Symlinking /home/shivam/catkin_ws/devel/include/cartographer_ros_msgs/TrajectoryQueryRequest.h
Symlinking /home/shivam/catkin_ws/devel/include/cartographer_ros_msgs/GetTrajectoryStates.h
Symlinking /home/shivam/catkin_ws/devel/include/cartographer_ros_msgs/SubmapTexture.h
Symlinking /home/shivam/catkin_ws/devel/include/cartographer_ros_msgs/LandmarkList.h
Symlinking /home/shivam/catkin_ws/devel/include/cartographer_ros_msgs/SubmapQuery.h
Symlinking /home/shivam/catkin_ws/devel/include/cartographer_ros_msgs/ReadMetrics.h
Symlinking /home/shivam/catkin_ws/devel/include/cartographer_ros_msgs/Metric.h
Symlinking /home/shivam/catkin_ws/devel/include/cartographer_ros_msgs/WriteStateRequest.h
Symlinking /home/shivam/catkin_ws/devel/include/cartographer_ros_msgs/SubmapQueryRequest.h
Symlinking /home/shivam/catkin_ws/devel/include/cartographer_ros_msgs/MetricFamily.h
Symlinking /home/shivam/catkin_ws/devel/include/cartographer_ros_msgs/StatusCode.h
Symlinking /home/shivam/catkin_ws/devel/include/cartographer_ros_msgs/TrajectoryStates.h
Symlinking /home/shivam/catkin_ws/devel/include/cartographer_ros_msgs/FinishTrajectoryRequest.h
Symlinking /home/shivam/catkin_ws/devel/include/cartographer_ros_msgs/TrajectoryQueryResponse.h
Symlinking /home/shivam/catkin_ws/devel/include/cartographer_ros_msgs/LandmarkEntry.h
Symlinking /home/shivam/catkin_ws/devel/include/cartographer_ros_msgs/HistogramBucket.h
