[  0%] Built target std_msgs_generate_messages_lisp
[  0%] Built target std_msgs_generate_messages_eus
[  1%] Built target orb_slam2_ros_gencfg
[ 11%] Built target DBoW2
[ 11%] Built target std_msgs_generate_messages_cpp
[ 11%] Built target std_msgs_generate_messages_py
[ 11%] Built target std_msgs_generate_messages_nodejs
[ 52%] Built target g2o
[ 52%] Built target _orb_slam2_ros_generate_messages_check_deps_SaveMap
[ 54%] Built target orb_slam2_ros_generate_messages_lisp
[ 55%] Built target orb_slam2_ros_generate_messages_cpp
[ 61%] Built target orb_slam2_ros_generate_messages_py
[ 61%] Built target orb_slam2_ros_generate_messages_eus
[ 62%] Built target orb_slam2_ros_generate_messages_nodejs
[ 87%] Built target orb_slam2_ros
[ 87%] Built target orb_slam2_ros_generate_messages
[ 93%] [32mBuilding CXX object CMakeFiles/orb_slam2_ros_mono.dir/ros/src/MonoNode.cc.o[0m
[ 94%] [32mBuilding CXX object CMakeFiles/orb_slam2_ros_mono.dir/ros/src/Node.cc.o[0m
[ 94%] [32mBuilding CXX object CMakeFiles/orb_slam2_ros_rgbd.dir/ros/src/Node.cc.o[0m
[ 95%] [32mBuilding CXX object CMakeFiles/orb_slam2_ros_stereo.dir/ros/src/Node.cc.o[0m
[ 95%] [32mBuilding CXX object CMakeFiles/orb_slam2_ros_rgbd.dir/ros/src/RGBDNode.cc.o[0m
[ 93%] [32mBuilding CXX object CMakeFiles/orb_slam2_ros_stereo.dir/ros/src/StereoNode.cc.o[0m
[ 98%] [32m[1mLinking CXX executable /home/shivam/catkin_ws/devel/.private/orb_slam2_ros/lib/orb_slam2_ros/orb_slam2_ros_mono[0m
[ 98%] [32m[1mLinking CXX executable /home/shivam/catkin_ws/devel/.private/orb_slam2_ros/lib/orb_slam2_ros/orb_slam2_ros_stereo[0m
[100%] [32m[1mLinking CXX executable /home/shivam/catkin_ws/devel/.private/orb_slam2_ros/lib/orb_slam2_ros/orb_slam2_ros_rgbd[0m
///usrusrusr///binbinbin///ldldld:::   warningwarningwarning::  :libopencv_calib3d.so.4.5libopencv_calib3d.so.4.5 ,,libopencv_calib3d.so.4.5  ,neededneeded  needed by by  /by/home home///shivamhomeshivam///catkin_wsshivam/catkin_ws/src/catkin_ws/src/orb_slam_2_ros/src/orb_slam_2_ros/orb_slam2/orb_slam_2_ros/orb_slam2//liborb_slam2/lib//liborb_slam2_ros.solibliborb_slam2_ros.so,,/  liborb_slam2_ros.somaymay,   conflictconflictmay   withwith conflict libopencv_calib3d.so.4.2 
libopencv_calib3d.so.4.2/withusr
 //libopencv_calib3d.so.4.2usrbin
//bin/ld/usr:/ld :binwarning /:warningld ::libopencv_imgcodecs.so.4.2  ,libopencv_imgcodecs.so.4.2warning ,:needed   neededlibopencv_imgcodecs.so.4.2by , by / neededopt// optbyros/ /ros/noetic/opt/noetic/libros///liblibcv_bridge.sonoetic/,/libcv_bridge.solib ,/may libcv_bridge.so may,conflict   mayconflictwith   withconflictlibopencv_imgcodecs.so.4.5  
libopencv_imgcodecs.so.4.5with
 libopencv_imgcodecs.so.4.5
[100%] Built target orb_slam2_ros_stereo
[100%] Built target orb_slam2_ros_mono
[100%] Built target orb_slam2_ros_rgbd
